# JRE version: OpenJDK Runtime Environment (17.0.6) (build 17.0.6+0-b2043.56-10027231)
# Java VM: OpenJDK 64-Bit Server VM (17.0.6+0-b2043.56-10027231, mixed mode, tiered, compressed oops, compressed class ptrs, g1 gc, windows-amd64)
GC Precious Log:
 CPUs: 8 total, 8 available
 Memory: 8029M
 Large Page Support: Disabled
 NUMA Support: Disabled
 Compressed Oops: Enabled (32-bit)
 Heap Region Size: 1M
 Heap Min Capacity: 8M
 Heap Initial Capacity: 126M
 Heap Max Capacity: 2G
 Pre-touch: Disabled
 Parallel Workers: 8
 Concurrent Workers: 2
 Concurrent Refinement Workers: 8
 Periodic GC: Disabled
Heap:
 garbage-first heap   total 184320K, used 132096K [0x0000000080000000, 0x0000000100000000)
  region size 1024K, 6 young (6144K), 6 survivors (6144K)
 Metaspace       used 87186K, committed 87808K, reserved 1130496K
  class space    used 11717K, committed 11968K, reserved 1048576K
GC Heap History (20 events):
Event: 8.220 GC heap after
{Heap after GC invocations=26 (full 0):
 garbage-first heap   total 153600K, used 79245K [0x0000000080000000, 0x0000000100000000)
  region size 1024K, 4 young (4096K), 4 survivors (4096K)
 Metaspace       used 59988K, committed 60544K, reserved 1105920K
  class space    used 8028K, committed 8256K, reserved 1048576K
}
Event: 8.371 GC heap before
{Heap before GC invocations=27 (full 0):
 garbage-first heap   total 153600K, used 91533K [0x0000000080000000, 0x0000000100000000)
  region size 1024K, 17 young (17408K), 4 survivors (4096K)
 Metaspace       used 60098K, committed 60672K, reserved 1105920K
  class space    used 8030K, committed 8256K, reserved 1048576K
}
Event: 8.377 GC heap after
{Heap after GC invocations=28 (full 0):
 garbage-first heap   total 153600K, used 80647K [0x0000000080000000, 0x0000000100000000)
  region size 1024K, 5 young (5120K), 5 survivors (5120K)
 Metaspace       used 60098K, committed 60672K, reserved 1105920K
  class space    used 8030K, committed 8256K, reserved 1048576K
}
Event: 9.056 GC heap before
{Heap before GC invocations=29 (full 0):
 garbage-first heap   total 153600K, used 125703K [0x0000000080000000, 0x0000000100000000)
  region size 1024K, 46 young (47104K), 5 survivors (5120K)
 Metaspace       used 65246K, committed 65856K, reserved 1105920K
  class space    used 8708K, committed 8960K, reserved 1048576K
}
Event: 9.062 GC heap after
{Heap after GC invocations=30 (full 0):
 garbage-first heap   total 153600K, used 88850K [0x0000000080000000, 0x0000000100000000)
  region size 1024K, 6 young (6144K), 6 survivors (6144K)
 Metaspace       used 65246K, committed 65856K, reserved 1105920K
  class space    used 8708K, committed 8960K, reserved 1048576K
}
Event: 9.077 GC heap before
{Heap before GC invocations=30 (full 0):
 garbage-first heap   total 153600K, used 89874K [0x0000000080000000, 0x0000000100000000)
  region size 1024K, 7 young (7168K), 6 survivors (6144K)
 Metaspace       used 65499K, committed 66112K, reserved 1114112K
  class space    used 8733K, committed 8960K, reserved 1048576K
}
Event: 9.081 GC heap after
{Heap after GC invocations=31 (full 0):
 garbage-first heap   total 153600K, used 89285K [0x0000000080000000, 0x0000000100000000)
  region size 1024K, 1 young (1024K), 1 survivors (1024K)
 Metaspace       used 65499K, committed 66112K, reserved 1114112K
  class space    used 8733K, committed 8960K, reserved 1048576K
}
Event: 9.859 GC heap before
{Heap before GC invocations=31 (full 0):
 garbage-first heap   total 153600K, used 123077K [0x0000000080000000, 0x0000000100000000)
  region size 1024K, 35 young (35840K), 1 survivors (1024K)
 Metaspace       used 71899K, committed 72576K, reserved 1114112K
  class space    used 9534K, committed 9792K, reserved 1048576K
}
Event: 9.863 GC heap after
{Heap after GC invocations=32 (full 0):
 garbage-first heap   total 153600K, used 91729K [0x0000000080000000, 0x0000000100000000)
  region size 1024K, 3 young (3072K), 3 survivors (3072K)
 Metaspace       used 71899K, committed 72576K, reserved 1114112K
  class space    used 9534K, committed 9792K, reserved 1048576K
}
Event: 10.303 GC heap before
{Heap before GC invocations=33 (full 0):
 garbage-first heap   total 184320K, used 132689K [0x0000000080000000, 0x0000000100000000)
  region size 1024K, 37 young (37888K), 3 survivors (3072K)
 Metaspace       used 74104K, committed 74752K, reserved 1114112K
  class space    used 9832K, committed 10112K, reserved 1048576K
}
Event: 10.309 GC heap after
{Heap after GC invocations=34 (full 0):
 garbage-first heap   total 184320K, used 94881K [0x0000000080000000, 0x0000000100000000)
  region size 1024K, 4 young (4096K), 4 survivors (4096K)
 Metaspace       used 74104K, committed 74752K, reserved 1114112K
  class space    used 9832K, committed 10112K, reserved 1048576K
}
Event: 10.383 GC heap before
{Heap before GC invocations=34 (full 0):
 garbage-first heap   total 184320K, used 100001K [0x0000000080000000, 0x0000000100000000)
  region size 1024K, 9 young (9216K), 4 survivors (4096K)
 Metaspace       used 74510K, committed 75072K, reserved 1114112K
  class space    used 9882K, committed 10112K, reserved 1048576K
}
Event: 10.389 GC heap after
{Heap after GC invocations=35 (full 0):
 garbage-first heap   total 184320K, used 94735K [0x0000000080000000, 0x0000000100000000)
  region size 1024K, 1 young (1024K), 1 survivors (1024K)
 Metaspace       used 74510K, committed 75072K, reserved 1114112K
  class space    used 9882K, committed 10112K, reserved 1048576K
}
Event: 10.786 GC heap before
{Heap before GC invocations=35 (full 0):
 garbage-first heap   total 184320K, used 139791K [0x0000000080000000, 0x0000000100000000)
  region size 1024K, 45 young (46080K), 1 survivors (1024K)
 Metaspace       used 75971K, committed 76608K, reserved 1122304K
  class space    used 10083K, committed 10368K, reserved 1048576K
}
Event: 10.790 GC heap after
{Heap after GC invocations=36 (full 0):
 garbage-first heap   total 184320K, used 97885K [0x0000000080000000, 0x0000000100000000)
  region size 1024K, 4 young (4096K), 4 survivors (4096K)
 Metaspace       used 75971K, committed 76608K, reserved 1122304K
  class space    used 10083K, committed 10368K, reserved 1048576K
}
Event: 11.445 GC heap before
{Heap before GC invocations=37 (full 0):
 garbage-first heap   total 184320K, used 148061K [0x0000000080000000, 0x0000000100000000)
  region size 1024K, 52 young (53248K), 4 survivors (4096K)
 Metaspace       used 81892K, committed 82560K, reserved 1122304K
  class space    used 11071K, committed 11328K, reserved 1048576K
}
Event: 11.451 GC heap after
{Heap after GC invocations=38 (full 0):
 garbage-first heap   total 184320K, used 100635K [0x0000000080000000, 0x0000000100000000)
  region size 1024K, 6 young (6144K), 6 survivors (6144K)
 Metaspace       used 81892K, committed 82560K, reserved 1122304K
  class space    used 11071K, committed 11328K, reserved 1048576K
}
Event: 11.487 GC heap before
{Heap before GC invocations=38 (full 0):
 garbage-first heap   total 184320K, used 103707K [0x0000000080000000, 0x0000000100000000)
  region size 1024K, 9 young (9216K), 6 survivors (6144K)
 Metaspace       used 82183K, committed 82816K, reserved 1122304K
  class space    used 11108K, committed 11392K, reserved 1048576K
}
Event: 11.492 GC heap after
{Heap after GC invocations=39 (full 0):
 garbage-first heap   total 184320K, used 101212K [0x0000000080000000, 0x0000000100000000)
  region size 1024K, 1 young (1024K), 1 survivors (1024K)
 Metaspace       used 82183K, committed 82816K, reserved 1122304K
  class space    used 11108K, committed 11392K, reserved 1048576K
}
Event: 12.270 GC heap before
{Heap before GC invocations=39 (full 0):
 garbage-first heap   total 184320K, used 171868K [0x0000000080000000, 0x0000000100000000)
  region size 1024K, 48 young (49152K), 1 survivors (1024K)
 Metaspace       used 87186K, committed 87808K, reserved 1130496K
  class space    used 11717K, committed 11968K, reserved 1048576K
}

