# JRE version: OpenJDK Runtime Environment (17.0.6) (build 17.0.6+0-b2043.56-10027231)
# Java VM: OpenJDK 64-Bit Server VM (17.0.6+0-b2043.56-10027231, mixed mode, tiered, compressed oops, compressed class ptrs, g1 gc, windows-amd64)
GC Precious Log:
 CPUs: 8 total, 8 available
 Memory: 8029M
 Large Page Support: Disabled
 NUMA Support: Disabled
 Compressed Oops: Enabled (32-bit)
 Heap Region Size: 1M
 Heap Min Capacity: 8M
 Heap Initial Capacity: 126M
 Heap Max Capacity: 2G
 Pre-touch: Disabled
 Parallel Workers: 8
 Concurrent Workers: 2
 Concurrent Refinement Workers: 8
 Periodic GC: Disabled
Heap:
 garbage-first heap   total 439296K, used 185473K [0x0000000080000000, 0x0000000100000000)
  region size 1024K, 2 young (2048K), 2 survivors (2048K)
 Metaspace       used 139979K, committed 141504K, reserved 1179648K
  class space    used 17824K, committed 18560K, reserved 1048576K
GC Heap History (20 events):
Event: 1241.409 GC heap after
{Heap after GC invocations=57 (full 0):
 garbage-first heap   total 416768K, used 207119K [0x0000000080000000, 0x0000000100000000)
  region size 1024K, 3 young (3072K), 3 survivors (3072K)
 Metaspace       used 138546K, committed 139968K, reserved 1171456K
  class space    used 17703K, committed 18432K, reserved 1048576K
}
Event: 1698.968 GC heap before
{Heap before GC invocations=57 (full 0):
 garbage-first heap   total 416768K, used 321807K [0x0000000080000000, 0x0000000100000000)
  region size 1024K, 117 young (119808K), 3 survivors (3072K)
 Metaspace       used 139355K, committed 140864K, reserved 1179648K
  class space    used 17815K, committed 18560K, reserved 1048576K
}
Event: 1699.007 GC heap after
{Heap after GC invocations=58 (full 0):
 garbage-first heap   total 416768K, used 216240K [0x0000000080000000, 0x0000000100000000)
  region size 1024K, 12 young (12288K), 12 survivors (12288K)
 Metaspace       used 139355K, committed 140864K, reserved 1179648K
  class space    used 17815K, committed 18560K, reserved 1048576K
}
Event: 1699.717 GC heap before
{Heap before GC invocations=59 (full 0):
 garbage-first heap   total 416768K, used 384176K [0x0000000080000000, 0x0000000100000000)
  region size 1024K, 131 young (134144K), 12 survivors (12288K)
 Metaspace       used 139822K, committed 141312K, reserved 1179648K
  class space    used 17822K, committed 18560K, reserved 1048576K
}
Event: 1699.747 GC heap after
{Heap after GC invocations=60 (full 0):
 garbage-first heap   total 416768K, used 228314K [0x0000000080000000, 0x0000000100000000)
  region size 1024K, 7 young (7168K), 7 survivors (7168K)
 Metaspace       used 139822K, committed 141312K, reserved 1179648K
  class space    used 17822K, committed 18560K, reserved 1048576K
}
Event: 1700.111 GC heap before
{Heap before GC invocations=60 (full 0):
 garbage-first heap   total 416768K, used 315354K [0x0000000080000000, 0x0000000100000000)
  region size 1024K, 20 young (20480K), 7 survivors (7168K)
 Metaspace       used 139823K, committed 141312K, reserved 1179648K
  class space    used 17822K, committed 18560K, reserved 1048576K
}
Event: 1700.123 GC heap after
{Heap after GC invocations=61 (full 0):
 garbage-first heap   total 416768K, used 226931K [0x0000000080000000, 0x0000000100000000)
  region size 1024K, 2 young (2048K), 2 survivors (2048K)
 Metaspace       used 139823K, committed 141312K, reserved 1179648K
  class space    used 17822K, committed 18560K, reserved 1048576K
}
Event: 1700.125 GC heap before
{Heap before GC invocations=61 (full 0):
 garbage-first heap   total 416768K, used 226931K [0x0000000080000000, 0x0000000100000000)
  region size 1024K, 3 young (3072K), 2 survivors (2048K)
 Metaspace       used 139823K, committed 141312K, reserved 1179648K
  class space    used 17822K, committed 18560K, reserved 1048576K
}
Event: 1700.128 GC heap after
{Heap after GC invocations=62 (full 0):
 garbage-first heap   total 416768K, used 226415K [0x0000000080000000, 0x0000000100000000)
  region size 1024K, 2 young (2048K), 2 survivors (2048K)
 Metaspace       used 139823K, committed 141312K, reserved 1179648K
  class space    used 17822K, committed 18560K, reserved 1048576K
}
Event: 1701.463 GC heap before
{Heap before GC invocations=63 (full 0):
 garbage-first heap   total 439296K, used 423023K [0x0000000080000000, 0x0000000100000000)
  region size 1024K, 115 young (117760K), 2 survivors (2048K)
 Metaspace       used 139901K, committed 141440K, reserved 1179648K
  class space    used 17824K, committed 18560K, reserved 1048576K
}
Event: 1701.470 GC heap after
{Heap after GC invocations=64 (full 0):
 garbage-first heap   total 439296K, used 237257K [0x0000000080000000, 0x0000000100000000)
  region size 1024K, 5 young (5120K), 5 survivors (5120K)
 Metaspace       used 139901K, committed 141440K, reserved 1179648K
  class space    used 17824K, committed 18560K, reserved 1048576K
}
Event: 1701.956 GC heap before
{Heap before GC invocations=64 (full 0):
 garbage-first heap   total 439296K, used 252617K [0x0000000080000000, 0x0000000100000000)
  region size 1024K, 21 young (21504K), 5 survivors (5120K)
 Metaspace       used 139913K, committed 141440K, reserved 1179648K
  class space    used 17824K, committed 18560K, reserved 1048576K
}
Event: 1701.988 GC heap after
{Heap after GC invocations=65 (full 0):
 garbage-first heap   total 439296K, used 225880K [0x0000000080000000, 0x0000000100000000)
  region size 1024K, 2 young (2048K), 2 survivors (2048K)
 Metaspace       used 139913K, committed 141440K, reserved 1179648K
  class space    used 17824K, committed 18560K, reserved 1048576K
}
Event: 1702.016 GC heap before
{Heap before GC invocations=65 (full 0):
 garbage-first heap   total 439296K, used 235096K [0x0000000080000000, 0x0000000100000000)
  region size 1024K, 13 young (13312K), 2 survivors (2048K)
 Metaspace       used 139913K, committed 141440K, reserved 1179648K
  class space    used 17824K, committed 18560K, reserved 1048576K
}
Event: 1702.019 GC heap after
{Heap after GC invocations=66 (full 0):
 garbage-first heap   total 439296K, used 226917K [0x0000000080000000, 0x0000000100000000)
  region size 1024K, 3 young (3072K), 3 survivors (3072K)
 Metaspace       used 139913K, committed 141440K, reserved 1179648K
  class space    used 17824K, committed 18560K, reserved 1048576K
}
Event: 1703.287 GC heap before
{Heap before GC invocations=67 (full 0):
 garbage-first heap   total 439296K, used 330341K [0x0000000080000000, 0x0000000100000000)
  region size 1024K, 134 young (137216K), 3 survivors (3072K)
 Metaspace       used 139977K, committed 141504K, reserved 1179648K
  class space    used 17824K, committed 18560K, reserved 1048576K
}
Event: 1703.291 GC heap after
{Heap after GC invocations=68 (full 0):
 garbage-first heap   total 439296K, used 188907K [0x0000000080000000, 0x0000000100000000)
  region size 1024K, 4 young (4096K), 4 survivors (4096K)
 Metaspace       used 139977K, committed 141504K, reserved 1179648K
  class space    used 17824K, committed 18560K, reserved 1048576K
}
Event: 1703.337 GC heap before
{Heap before GC invocations=68 (full 0):
 garbage-first heap   total 439296K, used 210411K [0x0000000080000000, 0x0000000100000000)
  region size 1024K, 21 young (21504K), 4 survivors (4096K)
 Metaspace       used 139979K, committed 141504K, reserved 1179648K
  class space    used 17824K, committed 18560K, reserved 1048576K
}
Event: 1703.350 GC heap after
{Heap after GC invocations=69 (full 0):
 garbage-first heap   total 439296K, used 185629K [0x0000000080000000, 0x0000000100000000)
  region size 1024K, 2 young (2048K), 2 survivors (2048K)
 Metaspace       used 139979K, committed 141504K, reserved 1179648K
  class space    used 17824K, committed 18560K, reserved 1048576K
}
Event: 1703.352 GC heap before
{Heap before GC invocations=69 (full 0):
 garbage-first heap   total 439296K, used 185629K [0x0000000080000000, 0x0000000100000000)
  region size 1024K, 2 young (2048K), 2 survivors (2048K)
 Metaspace       used 139979K, committed 141504K, reserved 1179648K
  class space    used 17824K, committed 18560K, reserved 1048576K
}

