# JRE version: OpenJDK Runtime Environment (17.0.6) (build 17.0.6+0-b2043.56-10027231)
# Java VM: OpenJDK 64-Bit Server VM (17.0.6+0-b2043.56-10027231, mixed mode, tiered, compressed oops, compressed class ptrs, g1 gc, windows-amd64)
GC Precious Log:
 CPUs: 8 total, 8 available
 Memory: 8029M
 Large Page Support: Disabled
 NUMA Support: Disabled
 Compressed Oops: Enabled (32-bit)
 Heap Region Size: 1M
 Heap Min Capacity: 8M
 Heap Initial Capacity: 126M
 Heap Max Capacity: 2G
 Pre-touch: Disabled
 Parallel Workers: 8
 Concurrent Workers: 2
 Concurrent Refinement Workers: 8
 Periodic GC: Disabled
Heap:
 garbage-first heap   total 247808K, used 159996K [0x0000000080000000, 0x0000000100000000)
  region size 1024K, 40 young (40960K), 12 survivors (12288K)
 Metaspace       used 91174K, committed 91904K, reserved 1130496K
  class space    used 12166K, committed 12480K, reserved 1048576K
GC Heap History (20 events):
Event: 6.476 GC heap before
{Heap before GC invocations=26 (full 0):
 garbage-first heap   total 144384K, used 92731K [0x0000000080000000, 0x0000000100000000)
  region size 1024K, 24 young (24576K), 5 survivors (5120K)
 Metaspace       used 54861K, committed 55424K, reserved 1097728K
  class space    used 7290K, committed 7552K, reserved 1048576K
}
Event: 6.482 GC heap after
{Heap after GC invocations=27 (full 0):
 garbage-first heap   total 144384K, used 77950K [0x0000000080000000, 0x0000000100000000)
  region size 1024K, 5 young (5120K), 5 survivors (5120K)
 Metaspace       used 54861K, committed 55424K, reserved 1097728K
  class space    used 7290K, committed 7552K, reserved 1048576K
}
Event: 6.856 GC heap before
{Heap before GC invocations=28 (full 0):
 garbage-first heap   total 145408K, used 114814K [0x0000000080000000, 0x0000000100000000)
  region size 1024K, 38 young (38912K), 5 survivors (5120K)
 Metaspace       used 58496K, committed 59072K, reserved 1105920K
  class space    used 7807K, committed 8064K, reserved 1048576K
}
Event: 6.863 GC heap after
{Heap after GC invocations=29 (full 0):
 garbage-first heap   total 145408K, used 86164K [0x0000000080000000, 0x0000000100000000)
  region size 1024K, 5 young (5120K), 5 survivors (5120K)
 Metaspace       used 58496K, committed 59072K, reserved 1105920K
  class space    used 7807K, committed 8064K, reserved 1048576K
}
Event: 6.886 GC heap before
{Heap before GC invocations=29 (full 0):
 garbage-first heap   total 145408K, used 87188K [0x0000000080000000, 0x0000000100000000)
  region size 1024K, 7 young (7168K), 5 survivors (5120K)
 Metaspace       used 58912K, committed 59456K, reserved 1105920K
  class space    used 7829K, committed 8064K, reserved 1048576K
}
Event: 6.889 GC heap after
{Heap after GC invocations=30 (full 0):
 garbage-first heap   total 145408K, used 87089K [0x0000000080000000, 0x0000000100000000)
  region size 1024K, 1 young (1024K), 1 survivors (1024K)
 Metaspace       used 58912K, committed 59456K, reserved 1105920K
  class space    used 7829K, committed 8064K, reserved 1048576K
}
Event: 7.323 GC heap before
{Heap before GC invocations=30 (full 0):
 garbage-first heap   total 145408K, used 114737K [0x0000000080000000, 0x0000000100000000)
  region size 1024K, 29 young (29696K), 1 survivors (1024K)
 Metaspace       used 63478K, committed 64128K, reserved 1105920K
  class space    used 8398K, committed 8704K, reserved 1048576K
}
Event: 7.326 GC heap after
{Heap after GC invocations=31 (full 0):
 garbage-first heap   total 145408K, used 87741K [0x0000000080000000, 0x0000000100000000)
  region size 1024K, 2 young (2048K), 2 survivors (2048K)
 Metaspace       used 63478K, committed 64128K, reserved 1105920K
  class space    used 8398K, committed 8704K, reserved 1048576K
}
Event: 7.726 GC heap before
{Heap before GC invocations=32 (full 0):
 garbage-first heap   total 150528K, used 122557K [0x0000000080000000, 0x0000000100000000)
  region size 1024K, 30 young (30720K), 2 survivors (2048K)
 Metaspace       used 66973K, committed 67584K, reserved 1114112K
  class space    used 8868K, committed 9152K, reserved 1048576K
}
Event: 7.731 GC heap after
{Heap after GC invocations=33 (full 0):
 garbage-first heap   total 150528K, used 91375K [0x0000000080000000, 0x0000000100000000)
  region size 1024K, 4 young (4096K), 4 survivors (4096K)
 Metaspace       used 66973K, committed 67584K, reserved 1114112K
  class space    used 8868K, committed 9152K, reserved 1048576K
}
Event: 7.778 GC heap before
{Heap before GC invocations=33 (full 0):
 garbage-first heap   total 150528K, used 94447K [0x0000000080000000, 0x0000000100000000)
  region size 1024K, 7 young (7168K), 4 survivors (4096K)
 Metaspace       used 67513K, committed 68160K, reserved 1114112K
  class space    used 8914K, committed 9216K, reserved 1048576K
}
Event: 7.783 GC heap after
{Heap after GC invocations=34 (full 0):
 garbage-first heap   total 150528K, used 91410K [0x0000000080000000, 0x0000000100000000)
  region size 1024K, 1 young (1024K), 1 survivors (1024K)
 Metaspace       used 67513K, committed 68160K, reserved 1114112K
  class space    used 8914K, committed 9216K, reserved 1048576K
}
Event: 8.113 GC heap before
{Heap before GC invocations=34 (full 0):
 garbage-first heap   total 150528K, used 121106K [0x0000000080000000, 0x0000000100000000)
  region size 1024K, 30 young (30720K), 1 survivors (1024K)
 Metaspace       used 70291K, committed 70912K, reserved 1114112K
  class space    used 9249K, committed 9536K, reserved 1048576K
}
Event: 8.117 GC heap after
{Heap after GC invocations=35 (full 0):
 garbage-first heap   total 247808K, used 92872K [0x0000000080000000, 0x0000000100000000)
  region size 1024K, 3 young (3072K), 3 survivors (3072K)
 Metaspace       used 70291K, committed 70912K, reserved 1114112K
  class space    used 9249K, committed 9536K, reserved 1048576K
}
Event: 9.266 GC heap before
{Heap before GC invocations=36 (full 0):
 garbage-first heap   total 247808K, used 177864K [0x0000000080000000, 0x0000000100000000)
  region size 1024K, 86 young (88064K), 3 survivors (3072K)
 Metaspace       used 76727K, committed 77376K, reserved 1122304K
  class space    used 10343K, committed 10624K, reserved 1048576K
}
Event: 9.274 GC heap after
{Heap after GC invocations=37 (full 0):
 garbage-first heap   total 247808K, used 98432K [0x0000000080000000, 0x0000000100000000)
  region size 1024K, 8 young (8192K), 8 survivors (8192K)
 Metaspace       used 76727K, committed 77376K, reserved 1122304K
  class space    used 10343K, committed 10624K, reserved 1048576K
}
Event: 9.345 GC heap before
{Heap before GC invocations=37 (full 0):
 garbage-first heap   total 247808K, used 102528K [0x0000000080000000, 0x0000000100000000)
  region size 1024K, 12 young (12288K), 8 survivors (8192K)
 Metaspace       used 77112K, committed 77760K, reserved 1122304K
  class space    used 10392K, committed 10688K, reserved 1048576K
}
Event: 9.352 GC heap after
{Heap after GC invocations=38 (full 0):
 garbage-first heap   total 247808K, used 98872K [0x0000000080000000, 0x0000000100000000)
  region size 1024K, 2 young (2048K), 2 survivors (2048K)
 Metaspace       used 77112K, committed 77760K, reserved 1122304K
  class space    used 10392K, committed 10688K, reserved 1048576K
}
Event: 10.760 GC heap before
{Heap before GC invocations=38 (full 0):
 garbage-first heap   total 247808K, used 214584K [0x0000000080000000, 0x0000000100000000)
  region size 1024K, 92 young (94208K), 2 survivors (2048K)
 Metaspace       used 86292K, committed 86976K, reserved 1130496K
  class space    used 11465K, committed 11776K, reserved 1048576K
}
Event: 10.770 GC heap after
{Heap after GC invocations=39 (full 0):
 garbage-first heap   total 247808K, used 132348K [0x0000000080000000, 0x0000000100000000)
  region size 1024K, 12 young (12288K), 12 survivors (12288K)
 Metaspace       used 86292K, committed 86976K, reserved 1130496K
  class space    used 11465K, committed 11776K, reserved 1048576K
}

