# JRE version: OpenJDK Runtime Environment (17.0.6) (build 17.0.6+0-b2043.56-10027231)
# Java VM: OpenJDK 64-Bit Server VM (17.0.6+0-b2043.56-10027231, mixed mode, tiered, compressed oops, compressed class ptrs, g1 gc, windows-amd64)
GC Precious Log:
 CPUs: 8 total, 8 available
 Memory: 8029M
 Large Page Support: Disabled
 NUMA Support: Disabled
 Compressed Oops: Enabled (32-bit)
 Heap Region Size: 1M
 Heap Min Capacity: 8M
 Heap Initial Capacity: 126M
 Heap Max Capacity: 2G
 Pre-touch: Disabled
 Parallel Workers: 8
 Concurrent Workers: 2
 Concurrent Refinement Workers: 8
 Periodic GC: Disabled
Heap:
 garbage-first heap   total 121856K, used 78969K [0x0000000080000000, 0x0000000100000000)
  region size 1024K, 14 young (14336K), 4 survivors (4096K)
 Metaspace       used 49101K, committed 49536K, reserved 1097728K
  class space    used 6402K, committed 6592K, reserved 1048576K
GC Heap History (20 events):
Event: 2.361 GC heap before
{Heap before GC invocations=4 (full 0):
 garbage-first heap   total 68608K, used 51047K [0x0000000080000000, 0x0000000100000000)
  region size 1024K, 40 young (40960K), 8 survivors (8192K)
 Metaspace       used 26353K, committed 26688K, reserved 1073152K
  class space    used 3460K, committed 3584K, reserved 1048576K
}
Event: 2.369 GC heap after
{Heap after GC invocations=5 (full 0):
 garbage-first heap   total 68608K, used 20879K [0x0000000080000000, 0x0000000100000000)
  region size 1024K, 3 young (3072K), 3 survivors (3072K)
 Metaspace       used 26353K, committed 26688K, reserved 1073152K
  class space    used 3460K, committed 3584K, reserved 1048576K
}
Event: 2.384 GC heap before
{Heap before GC invocations=5 (full 0):
 garbage-first heap   total 68608K, used 20879K [0x0000000080000000, 0x0000000100000000)
  region size 1024K, 4 young (4096K), 3 survivors (3072K)
 Metaspace       used 26478K, committed 26816K, reserved 1073152K
  class space    used 3487K, committed 3648K, reserved 1048576K
}
Event: 2.387 GC heap after
{Heap after GC invocations=6 (full 0):
 garbage-first heap   total 68608K, used 20876K [0x0000000080000000, 0x0000000100000000)
  region size 1024K, 1 young (1024K), 1 survivors (1024K)
 Metaspace       used 26478K, committed 26816K, reserved 1073152K
  class space    used 3487K, committed 3648K, reserved 1048576K
}
Event: 2.678 GC heap before
{Heap before GC invocations=6 (full 0):
 garbage-first heap   total 68608K, used 48524K [0x0000000080000000, 0x0000000100000000)
  region size 1024K, 21 young (21504K), 1 survivors (1024K)
 Metaspace       used 29381K, committed 29760K, reserved 1081344K
  class space    used 3989K, committed 4160K, reserved 1048576K
}
Event: 2.681 GC heap after
{Heap after GC invocations=7 (full 0):
 garbage-first heap   total 103424K, used 33152K [0x0000000080000000, 0x0000000100000000)
  region size 1024K, 4 young (4096K), 4 survivors (4096K)
 Metaspace       used 29381K, committed 29760K, reserved 1081344K
  class space    used 3989K, committed 4160K, reserved 1048576K
}
Event: 3.330 GC heap before
{Heap before GC invocations=7 (full 0):
 garbage-first heap   total 103424K, used 88448K [0x0000000080000000, 0x0000000100000000)
  region size 1024K, 44 young (45056K), 4 survivors (4096K)
 Metaspace       used 34927K, committed 35264K, reserved 1081344K
  class space    used 4844K, committed 4992K, reserved 1048576K
}
Event: 3.336 GC heap after
{Heap after GC invocations=8 (full 0):
 garbage-first heap   total 103424K, used 50778K [0x0000000080000000, 0x0000000100000000)
  region size 1024K, 4 young (4096K), 4 survivors (4096K)
 Metaspace       used 34927K, committed 35264K, reserved 1081344K
  class space    used 4844K, committed 4992K, reserved 1048576K
}
Event: 3.391 GC heap before
{Heap before GC invocations=8 (full 0):
 garbage-first heap   total 103424K, used 53850K [0x0000000080000000, 0x0000000100000000)
  region size 1024K, 8 young (8192K), 4 survivors (4096K)
 Metaspace       used 35654K, committed 35968K, reserved 1081344K
  class space    used 4945K, committed 5056K, reserved 1048576K
}
Event: 3.393 GC heap after
{Heap after GC invocations=9 (full 0):
 garbage-first heap   total 103424K, used 51205K [0x0000000080000000, 0x0000000100000000)
  region size 1024K, 1 young (1024K), 1 survivors (1024K)
 Metaspace       used 35654K, committed 35968K, reserved 1081344K
  class space    used 4945K, committed 5056K, reserved 1048576K
}
Event: 3.784 GC heap before
{Heap before GC invocations=10 (full 0):
 garbage-first heap   total 103424K, used 79877K [0x0000000080000000, 0x0000000100000000)
  region size 1024K, 30 young (30720K), 1 survivors (1024K)
 Metaspace       used 41950K, committed 42368K, reserved 1089536K
  class space    used 5596K, committed 5760K, reserved 1048576K
}
Event: 3.788 GC heap after
{Heap after GC invocations=11 (full 0):
 garbage-first heap   total 103424K, used 55768K [0x0000000080000000, 0x0000000100000000)
  region size 1024K, 4 young (4096K), 4 survivors (4096K)
 Metaspace       used 41950K, committed 42368K, reserved 1089536K
  class space    used 5596K, committed 5760K, reserved 1048576K
}
Event: 3.871 GC heap before
{Heap before GC invocations=11 (full 0):
 garbage-first heap   total 103424K, used 70104K [0x0000000080000000, 0x0000000100000000)
  region size 1024K, 20 young (20480K), 4 survivors (4096K)
 Metaspace       used 42417K, committed 42816K, reserved 1089536K
  class space    used 5641K, committed 5824K, reserved 1048576K
}
Event: 3.876 GC heap after
{Heap after GC invocations=12 (full 0):
 garbage-first heap   total 103424K, used 57412K [0x0000000080000000, 0x0000000100000000)
  region size 1024K, 3 young (3072K), 3 survivors (3072K)
 Metaspace       used 42417K, committed 42816K, reserved 1089536K
  class space    used 5641K, committed 5824K, reserved 1048576K
}
Event: 4.237 GC heap before
{Heap before GC invocations=13 (full 0):
 garbage-first heap   total 104448K, used 85060K [0x0000000080000000, 0x0000000100000000)
  region size 1024K, 27 young (27648K), 3 survivors (3072K)
 Metaspace       used 46327K, committed 46720K, reserved 1089536K
  class space    used 6133K, committed 6272K, reserved 1048576K
}
Event: 4.240 GC heap after
{Heap after GC invocations=14 (full 0):
 garbage-first heap   total 104448K, used 58829K [0x0000000080000000, 0x0000000100000000)
  region size 1024K, 2 young (2048K), 2 survivors (2048K)
 Metaspace       used 46327K, committed 46720K, reserved 1089536K
  class space    used 6133K, committed 6272K, reserved 1048576K
}
Event: 4.362 GC heap before
{Heap before GC invocations=14 (full 0):
 garbage-first heap   total 104448K, used 65997K [0x0000000080000000, 0x0000000100000000)
  region size 1024K, 10 young (10240K), 2 survivors (2048K)
 Metaspace       used 46840K, committed 47232K, reserved 1089536K
  class space    used 6213K, committed 6400K, reserved 1048576K
}
Event: 4.365 GC heap after
{Heap after GC invocations=15 (full 0):
 garbage-first heap   total 104448K, used 60299K [0x0000000080000000, 0x0000000100000000)
  region size 1024K, 4 young (4096K), 4 survivors (4096K)
 Metaspace       used 46840K, committed 47232K, reserved 1089536K
  class space    used 6213K, committed 6400K, reserved 1048576K
}
Event: 4.499 GC heap before
{Heap before GC invocations=16 (full 0):
 garbage-first heap   total 116736K, used 75659K [0x0000000080000000, 0x0000000100000000)
  region size 1024K, 15 young (15360K), 4 survivors (4096K)
 Metaspace       used 47549K, committed 48000K, reserved 1097728K
  class space    used 6296K, committed 6464K, reserved 1048576K
}
Event: 4.504 GC heap after
{Heap after GC invocations=17 (full 0):
 garbage-first heap   total 116736K, used 68729K [0x0000000080000000, 0x0000000100000000)
  region size 1024K, 4 young (4096K), 4 survivors (4096K)
 Metaspace       used 47549K, committed 48000K, reserved 1097728K
  class space    used 6296K, committed 6464K, reserved 1048576K
}

